[ 14%] Built target tinyxml2
[35m[1mConsolidate compiler generated dependencies of target CommunicationCenter[0m
[ 28%] Built target xmltest
[ 35%] [32mBuilding CXX object CMakeFiles/CommunicationCenter.dir/src/XMLDecoder.cpp.o[0m
[01m[K/home/albusgive2/rlfw/rlfw_deploy/src/CommunicationCenter/src/XMLDecoder.cpp:[m[K In member function â€˜[01m[Kbool XMLDecoder::load(std::string)[m[Kâ€™:
[01m[K/home/albusgive2/rlfw/rlfw_deploy/src/CommunicationCenter/src/XMLDecoder.cpp:68:44:[m[K [01;31m[Kerror: [m[Kâ€˜[01m[KmType[m[Kâ€™ was not declared in this scope
   68 |       std::cout << "  |- Motor ç±»åž‹: " << ([01;31m[KmType[m[K ? mType : "æœªçŸ¥")
      |                                            [01;31m[K^~~~~[m[K
[01m[K/home/albusgive2/rlfw/rlfw_deploy/src/CommunicationCenter/src/XMLDecoder.cpp:69:36:[m[K [01;31m[Kerror: [m[Kâ€˜[01m[Kjoint[m[Kâ€™ was not declared in this scope
   69 |                 << " | å…³èŠ‚: " << ([01;31m[Kjoint[m[K ? joint : "æœªå‘½å")
      |                                    [01;31m[K^~~~~[m[K
[01m[K/home/albusgive2/rlfw/rlfw_deploy/src/CommunicationCenter/src/XMLDecoder.cpp:70:36:[m[K [01;31m[Kerror: [m[Kâ€˜[01m[Kinvert[m[Kâ€™ was not declared in this scope
   70 |                 << " | åè½¬: " << ([01;31m[Kinvert[m[K ? invert : "false") << std::endl;
      |                                    [01;31m[K^~~~~~[m[K
gmake[2]: *** [CMakeFiles/CommunicationCenter.dir/build.make:104ï¼šCMakeFiles/CommunicationCenter.dir/src/XMLDecoder.cpp.o] é”™è¯¯ 1
gmake[1]: *** [CMakeFiles/Makefile2:202ï¼šCMakeFiles/CommunicationCenter.dir/all] é”™è¯¯ 2
gmake: *** [Makefile:146ï¼šall] é”™è¯¯ 2
