[ 14%] Built target tinyxml2
[35m[1mConsolidate compiler generated dependencies of target CommunicationCenter[0m
[ 28%] Built target xmltest
[ 35%] [32mBuilding CXX object CMakeFiles/CommunicationCenter.dir/src/XMLDecoder.cpp.o[0m
[01m[K/home/albusgive2/rlfw/rlfw_deploy/src/CommunicationCenter/src/XMLDecoder.cpp:[m[K In member function ‘[01m[Kbool XMLDecoder::load(std::string)[m[K’:
[01m[K/home/albusgive2/rlfw/rlfw_deploy/src/CommunicationCenter/src/XMLDecoder.cpp:68:44:[m[K [01;31m[Kerror: [m[K‘[01m[KmType[m[K’ was not declared in this scope
   68 |       std::cout << "  |- Motor 类型: " << ([01;31m[KmType[m[K ? mType : "未知")
      |                                            [01;31m[K^~~~~[m[K
[01m[K/home/albusgive2/rlfw/rlfw_deploy/src/CommunicationCenter/src/XMLDecoder.cpp:69:36:[m[K [01;31m[Kerror: [m[K‘[01m[Kjoint[m[K’ was not declared in this scope
   69 |                 << " | 关节: " << ([01;31m[Kjoint[m[K ? joint : "未命名")
      |                                    [01;31m[K^~~~~[m[K
[01m[K/home/albusgive2/rlfw/rlfw_deploy/src/CommunicationCenter/src/XMLDecoder.cpp:70:36:[m[K [01;31m[Kerror: [m[K‘[01m[Kinvert[m[K’ was not declared in this scope
   70 |                 << " | 反转: " << ([01;31m[Kinvert[m[K ? invert : "false") << std::endl;
      |                                    [01;31m[K^~~~~~[m[K
gmake[2]: *** [CMakeFiles/CommunicationCenter.dir/build.make:104：CMakeFiles/CommunicationCenter.dir/src/XMLDecoder.cpp.o] 错误 1
gmake[1]: *** [CMakeFiles/Makefile2:202：CMakeFiles/CommunicationCenter.dir/all] 错误 2
gmake: *** [Makefile:146：all] 错误 2
