[0.011s] Invoking command in '/home/albusgive2/rlfw/rlfw_deploy/build/CommunicationCenter': CMAKE_PREFIX_PATH=${CMAKE_PREFIX_PATH}:/opt/ros/humble /usr/bin/cmake --build /home/albusgive2/rlfw/rlfw_deploy/build/CommunicationCenter -- -j12 -l12
[0.052s] [ 14%] Built target tinyxml2
[0.064s] [35m[1mConsolidate compiler generated dependencies of target CommunicationCenter[0m
[0.068s] [ 28%] Built target xmltest
[0.080s] [ 35%] [32mBuilding CXX object CMakeFiles/CommunicationCenter.dir/src/XMLDecoder.cpp.o[0m
[0.362s] [01m[K/home/albusgive2/rlfw/rlfw_deploy/src/CommunicationCenter/src/XMLDecoder.cpp:[m[K In member function â€˜[01m[Kbool XMLDecoder::load(std::string)[m[Kâ€™:
[0.362s] [01m[K/home/albusgive2/rlfw/rlfw_deploy/src/CommunicationCenter/src/XMLDecoder.cpp:68:44:[m[K [01;31m[Kerror: [m[Kâ€˜[01m[KmType[m[Kâ€™ was not declared in this scope
[0.362s]    68 |       std::cout << "  |- Motor ç±»åž‹: " << ([01;31m[KmType[m[K ? mType : "æœªçŸ¥")
[0.362s]       |                                            [01;31m[K^~~~~[m[K
[0.363s] [01m[K/home/albusgive2/rlfw/rlfw_deploy/src/CommunicationCenter/src/XMLDecoder.cpp:69:36:[m[K [01;31m[Kerror: [m[Kâ€˜[01m[Kjoint[m[Kâ€™ was not declared in this scope
[0.363s]    69 |                 << " | å…³èŠ‚: " << ([01;31m[Kjoint[m[K ? joint : "æœªå‘½å")
[0.363s]       |                                    [01;31m[K^~~~~[m[K
[0.364s] [01m[K/home/albusgive2/rlfw/rlfw_deploy/src/CommunicationCenter/src/XMLDecoder.cpp:70:36:[m[K [01;31m[Kerror: [m[Kâ€˜[01m[Kinvert[m[Kâ€™ was not declared in this scope
[0.364s]    70 |                 << " | åè½¬: " << ([01;31m[Kinvert[m[K ? invert : "false") << std::endl;
[0.364s]       |                                    [01;31m[K^~~~~~[m[K
[0.492s] gmake[2]: *** [CMakeFiles/CommunicationCenter.dir/build.make:104ï¼šCMakeFiles/CommunicationCenter.dir/src/XMLDecoder.cpp.o] é”™è¯¯ 1
[0.492s] gmake[1]: *** [CMakeFiles/Makefile2:202ï¼šCMakeFiles/CommunicationCenter.dir/all] é”™è¯¯ 2
[0.492s] gmake: *** [Makefile:146ï¼šall] é”™è¯¯ 2
[0.493s] Invoked command in '/home/albusgive2/rlfw/rlfw_deploy/build/CommunicationCenter' returned '2': CMAKE_PREFIX_PATH=${CMAKE_PREFIX_PATH}:/opt/ros/humble /usr/bin/cmake --build /home/albusgive2/rlfw/rlfw_deploy/build/CommunicationCenter -- -j12 -l12
