<?xml version="1.0" encoding="UTF-8"?>
<Site BuildName="(empty)"
	BuildStamp="20250517-1239-Experimental"
	Name="albusgive"
	Generator="ctest-3.22.1"
	CompilerName="/usr/bin/clang++-14"
	CompilerVersion="14.0.0"
	OSName="Linux"
	Hostname="albusgive"
	OSRelease="6.8.0-52-generic"
	OSVersion="#53~22.04.1-Ubuntu SMP PREEMPT_DYNAMIC Wed Jan 15 19:18:46 UTC 2"
	OSPlatform="x86_64"
	Is64Bits="1"
	VendorString="GenuineIntel"
	VendorID="Intel Corporation"
	FamilyID="6"
	ModelID="151"
	ProcessorCacheSize="25600"
	NumberOfLogicalCPU="20"
	NumberOfPhysicalCPU="12"
	TotalVirtualMemory="2047"
	TotalPhysicalMemory="15827"
	LogicalProcessorsPerPhysical="1"
	ProcessorClockFrequency="1149.55"
	>
	<Testing>
		<StartDateTime>May 17 20:39 CST</StartDateTime>
		<StartTestTime>1747485598</StartTestTime>
		<TestList/>
		<EndDateTime>May 17 20:39 CST</EndDateTime>
		<EndTestTime>1747485598</EndTestTime>
		<ElapsedMinutes>0</ElapsedMinutes>
	</Testing>
</Site>
