In file included from [01m[K/home/albusgive2/rlfw/rlfw_tool/build/motor_ctrl/include/moc_MotorCTRL.cpp:10[m[K:
[01m[K/home/albusgive2/rlfw/rlfw_tool/build/motor_ctrl/include/../../../src/motor_ctrl/include/MotorCTRL.h:129:4:[m[K [01;31m[Kerror: [m[Kexpected â€˜[01m[K;[m[Kâ€™ after class definition
  129 |   }
      |    [01;31m[K^[m[K
      |    [32m[K;[m[K
[01m[K/home/albusgive2/rlfw/rlfw_tool/build/motor_ctrl/include/../../../src/motor_ctrl/include/MotorCTRL.h:[m[K In constructor â€˜[01m[KMotorCTRL::MotorCTRL(const std::string&)[m[Kâ€™:
[01m[K/home/albusgive2/rlfw/rlfw_tool/build/motor_ctrl/include/../../../src/motor_ctrl/include/MotorCTRL.h:27:5:[m[K [01;31m[Kerror: [m[Kâ€˜[01m[Knode[m[Kâ€™ was not declared in this scope
   27 |     [01;31m[Knode[m[K = std::make_shared<rclcpp::Node>(node_name);
      |     [01;31m[K^~~~[m[K
[01m[K/home/albusgive2/rlfw/rlfw_tool/build/motor_ctrl/include/../../../src/motor_ctrl/include/MotorCTRL.h:29:5:[m[K [01;31m[Kerror: [m[Kâ€˜[01m[Kpublisher_[m[Kâ€™ was not declared in this scope; did you mean â€˜[01m[Krmw_publisher_t[m[Kâ€™?
   29 |     [01;31m[Kpublisher_[m[K =
      |     [01;31m[K^~~~~~~~~~[m[K
      |     [32m[Krmw_publisher_t[m[K
[01m[K/home/albusgive2/rlfw/rlfw_tool/build/motor_ctrl/include/../../../src/motor_ctrl/include/MotorCTRL.h:30:57:[m[K [01;31m[Kerror: [m[Kexpected primary-expression before â€˜[01m[K>[m[Kâ€™ token
   30 |         node->create_publisher<rlfw_msgs::msg::MotorCtrl[01;31m[K>[m[K("rlfwMotorCtrl", 2);
      |                                                         [01;31m[K^[m[K
[01m[K/home/albusgive2/rlfw/rlfw_tool/build/motor_ctrl/include/../../../src/motor_ctrl/include/MotorCTRL.h:30:59:[m[K [01;35m[Kwarning: [m[Kleft operand of comma operator has no effect [[01;35m[K]8;;https://gcc.gnu.org/onlinedocs/gcc/Warning-Options.html#index-Wunused-value-Wunused-value]8;;[m[K]
   30 |         node->create_publisher<rlfw_msgs::msg::MotorCtrl>([01;35m[K"rlfwMotorCtrl"[m[K, 2);
      |                                                           [01;35m[K^~~~~~~~~~~~~~~[m[K
[01m[K/home/albusgive2/rlfw/rlfw_tool/build/motor_ctrl/include/../../../src/motor_ctrl/include/MotorCTRL.h:31:5:[m[K [01;31m[Kerror: [m[Kâ€˜[01m[Kcan_pub[m[Kâ€™ was not declared in this scope
   31 |     [01;31m[Kcan_pub[m[K = node->create_publisher<rlfw_msgs::msg::CanMsg>("rlfwCANSend", 2);
      |     [01;31m[K^~~~~~~[m[K
[01m[K/home/albusgive2/rlfw/rlfw_tool/build/motor_ctrl/include/../../../src/motor_ctrl/include/MotorCTRL.h:31:60:[m[K [01;31m[Kerror: [m[Kexpected primary-expression before â€˜[01m[K>[m[Kâ€™ token
   31 |     can_pub = node->create_publisher<rlfw_msgs::msg::CanMsg[01;31m[K>[m[K("rlfwCANSend", 2);
      |                                                            [01;31m[K^[m[K
[01m[K/home/albusgive2/rlfw/rlfw_tool/build/motor_ctrl/include/../../../src/motor_ctrl/include/MotorCTRL.h:31:62:[m[K [01;35m[Kwarning: [m[Kleft operand of comma operator has no effect [[01;35m[K]8;;https://gcc.gnu.org/onlinedocs/gcc/Warning-Options.html#index-Wunused-value-Wunused-value]8;;[m[K]
   31 |     can_pub = node->create_publisher<rlfw_msgs::msg::CanMsg>([01;35m[K"rlfwCANSend"[m[K, 2);
      |                                                              [01;35m[K^~~~~~~~~~~~~[m[K
[01m[K/home/albusgive2/rlfw/rlfw_tool/build/motor_ctrl/include/../../../src/motor_ctrl/include/MotorCTRL.h:32:5:[m[K [01;31m[Kerror: [m[Kâ€˜[01m[Kserial_pub[m[Kâ€™ was not declared in this scope
   32 |     [01;31m[Kserial_pub[m[K =
      |     [01;31m[K^~~~~~~~~~[m[K
[01m[K/home/albusgive2/rlfw/rlfw_tool/build/motor_ctrl/include/../../../src/motor_ctrl/include/MotorCTRL.h:33:57:[m[K [01;31m[Kerror: [m[Kexpected primary-expression before â€˜[01m[K>[m[Kâ€™ token
   33 |         node->create_publisher<rlfw_msgs::msg::SerialMsg[01;31m[K>[m[K("rlfwSerialSend", 2);
      |                                                         [01;31m[K^[m[K
[01m[K/home/albusgive2/rlfw/rlfw_tool/build/motor_ctrl/include/../../../src/motor_ctrl/include/MotorCTRL.h:33:59:[m[K [01;35m[Kwarning: [m[Kleft operand of comma operator has no effect [[01;35m[K]8;;https://gcc.gnu.org/onlinedocs/gcc/Warning-Options.html#index-Wunused-value-Wunused-value]8;;[m[K]
   33 |         node->create_publisher<rlfw_msgs::msg::SerialMsg>([01;35m[K"rlfwSerialSend"[m[K, 2);
      |                                                           [01;35m[K^~~~~~~~~~~~~~~~[m[K
[01m[K/home/albusgive2/rlfw/rlfw_tool/build/motor_ctrl/include/../../../src/motor_ctrl/include/MotorCTRL.h:34:5:[m[K [01;31m[Kerror: [m[Kâ€˜[01m[Ksub_motor_[m[Kâ€™ was not declared in this scope
   34 |     [01;31m[Ksub_motor_[m[K = node->create_subscription<rlfw_msgs::msg::Motor>(
      |     [01;31m[K^~~~~~~~~~[m[K
[01m[K/home/albusgive2/rlfw/rlfw_tool/build/motor_ctrl/include/../../../src/motor_ctrl/include/MotorCTRL.h:34:65:[m[K [01;31m[Kerror: [m[Kexpected primary-expression before â€˜[01m[K>[m[Kâ€™ token
   34 |     sub_motor_ = node->create_subscription<rlfw_msgs::msg::Motor[01;31m[K>[m[K(
      |                                                                 [01;31m[K^[m[K
[01m[K/home/albusgive2/rlfw/rlfw_tool/build/motor_ctrl/include/../../../src/motor_ctrl/include/MotorCTRL.h:35:9:[m[K [01;35m[Kwarning: [m[Kleft operand of comma operator has no effect [[01;35m[K]8;;https://gcc.gnu.org/onlinedocs/gcc/Warning-Options.html#index-Wunused-value-Wunused-value]8;;[m[K]
   35 |         [01;35m[K"rlfwMotorBack"[m[K, 10,
      |         [01;35m[K^~~~~~~~~~~~~~~[m[K
[01m[K/home/albusgive2/rlfw/rlfw_tool/build/motor_ctrl/include/../../../src/motor_ctrl/include/MotorCTRL.h:36:69:[m[K [01;35m[Kwarning: [m[Kright operand of comma operator has no effect [[01;35m[K]8;;https://gcc.gnu.org/onlinedocs/gcc/Warning-Options.html#index-Wunused-value-Wunused-value]8;;[m[K]
   36 |         std::bind(&MotorCTRL::printData, this, std::placeholders::_1[01;35m[K)[m[K);
      |                                                                     [01;35m[K^[m[K
[01m[K/home/albusgive2/rlfw/rlfw_tool/build/motor_ctrl/include/../../../src/motor_ctrl/include/MotorCTRL.h:37:5:[m[K [01;31m[Kerror: [m[Kâ€˜[01m[Kclient[m[Kâ€™ was not declared in this scope
   37 |     [01;31m[Kclient[m[K = node->create_client<rlfw_msgs::srv::ComParameter>(
      |     [01;31m[K^~~~~~[m[K
[01m[K/home/albusgive2/rlfw/rlfw_tool/build/motor_ctrl/include/../../../src/motor_ctrl/include/MotorCTRL.h:37:62:[m[K [01;31m[Kerror: [m[Kexpected primary-expression before â€˜[01m[K>[m[Kâ€™ token
   37 |     client = node->create_client<rlfw_msgs::srv::ComParameter[01;31m[K>[m[K(
      |                                                              [01;31m[K^[m[K
[01m[K/home/albusgive2/rlfw/rlfw_tool/build/motor_ctrl/include/../../../src/motor_ctrl/include/MotorCTRL.h:[m[K In member function â€˜[01m[Kvoid MotorCTRL::printData(rlfw_msgs::msg::Motor_<std::allocator<void> >::SharedPtr)[m[Kâ€™:
[01m[K/home/albusgive2/rlfw/rlfw_tool/build/motor_ctrl/include/../../../src/motor_ctrl/include/MotorCTRL.h:44:5:[m[K [01;31m[Kerror: [m[Kâ€˜[01m[KemitTopicData[m[Kâ€™ was not declared in this scope
   44 |     [01;31m[KemitTopicData[m[K(QString("ang_vel:") + QString::number(msg->ang_vel));
      |     [01;31m[K^~~~~~~~~~~~~[m[K
[01m[K/home/albusgive2/rlfw/rlfw_tool/build/motor_ctrl/include/../../../src/motor_ctrl/include/MotorCTRL.h:[m[K In member function â€˜[01m[Kvoid MotorCTRL::pub()[m[Kâ€™:
[01m[K/home/albusgive2/rlfw/rlfw_tool/build/motor_ctrl/include/../../../src/motor_ctrl/include/MotorCTRL.h:48:18:[m[K [01;31m[Kerror: [m[Kâ€˜[01m[Knode[m[Kâ€™ was not declared in this scope
   48 |     auto stamp = [01;31m[Knode[m[K->now();
      |                  [01;31m[K^~~~[m[K
[01m[K/home/albusgive2/rlfw/rlfw_tool/build/motor_ctrl/include/../../../src/motor_ctrl/include/MotorCTRL.h:56:5:[m[K [01;31m[Kerror: [m[Kâ€˜[01m[Kpublisher_[m[Kâ€™ was not declared in this scope; did you mean â€˜[01m[Krmw_publisher_t[m[Kâ€™?
   56 |     [01;31m[Kpublisher_[m[K->publish(msg);
      |     [01;31m[K^~~~~~~~~~[m[K
      |     [32m[Krmw_publisher_t[m[K
[01m[K/home/albusgive2/rlfw/rlfw_tool/build/motor_ctrl/include/../../../src/motor_ctrl/include/MotorCTRL.h:69:5:[m[K [01;31m[Kerror: [m[Kâ€˜[01m[Kcan_pub[m[Kâ€™ was not declared in this scope
   69 |     [01;31m[Kcan_pub[m[K->publish(can_msg);
      |     [01;31m[K^~~~~~~[m[K
[01m[K/home/albusgive2/rlfw/rlfw_tool/build/motor_ctrl/include/../../../src/motor_ctrl/include/MotorCTRL.h:76:5:[m[K [01;31m[Kerror: [m[Kâ€˜[01m[Kserial_pub[m[Kâ€™ was not declared in this scope; did you mean â€˜[01m[Kserial_msg[m[Kâ€™?
   76 |     [01;31m[Kserial_pub[m[K->publish(serial_msg);
      |     [01;31m[K^~~~~~~~~~[m[K
      |     [32m[Kserial_msg[m[K
[01m[K/home/albusgive2/rlfw/rlfw_tool/build/motor_ctrl/include/../../../src/motor_ctrl/include/MotorCTRL.h:[m[K In member function â€˜[01m[Kvoid MotorCTRL::stop()[m[Kâ€™:
[01m[K/home/albusgive2/rlfw/rlfw_tool/build/motor_ctrl/include/../../../src/motor_ctrl/include/MotorCTRL.h:80:18:[m[K [01;31m[Kerror: [m[Kâ€˜[01m[Knode[m[Kâ€™ was not declared in this scope
   80 |     auto stamp = [01;31m[Knode[m[K->now();
      |                  [01;31m[K^~~~[m[K
[01m[K/home/albusgive2/rlfw/rlfw_tool/build/motor_ctrl/include/../../../src/motor_ctrl/include/MotorCTRL.h:88:5:[m[K [01;31m[Kerror: [m[Kâ€˜[01m[Kpublisher_[m[Kâ€™ was not declared in this scope; did you mean â€˜[01m[Krmw_publisher_t[m[Kâ€™?
   88 |     [01;31m[Kpublisher_[m[K->publish(msg);
      |     [01;31m[K^~~~~~~~~~[m[K
      |     [32m[Krmw_publisher_t[m[K
[01m[K/home/albusgive2/rlfw/rlfw_tool/build/motor_ctrl/include/../../../src/motor_ctrl/include/MotorCTRL.h:[m[K In member function â€˜[01m[Kvoid MotorCTRL::request()[m[Kâ€™:
[01m[K/home/albusgive2/rlfw/rlfw_tool/build/motor_ctrl/include/../../../src/motor_ctrl/include/MotorCTRL.h:102:13:[m[K [01;31m[Kerror: [m[Kâ€˜[01m[Kclient[m[Kâ€™ was not declared in this scope
  102 |     while (![01;31m[Kclient[m[K->wait_for_service(std::chrono::seconds(1))) {
      |             [01;31m[K^~~~~~[m[K
[01m[K/home/albusgive2/rlfw/rlfw_tool/build/motor_ctrl/include/../../../src/motor_ctrl/include/MotorCTRL.h:112:19:[m[K [01;31m[Kerror: [m[Kâ€˜[01m[Kclient[m[Kâ€™ was not declared in this scope
  112 |     auto future = [01;31m[Kclient[m[K->async_send_request(
      |                   [01;31m[K^~~~~~[m[K
[01m[K/home/albusgive2/rlfw/rlfw_tool/build/motor_ctrl/include/../../../src/motor_ctrl/include/MotorCTRL.h:[m[K In lambda function:
[01m[K/home/albusgive2/rlfw/rlfw_tool/build/motor_ctrl/include/../../../src/motor_ctrl/include/MotorCTRL.h:126:11:[m[K [01;31m[Kerror: [m[Kâ€˜[01m[KemitSrvData[m[Kâ€™ was not declared in this scope
  126 |           [01;31m[KemitSrvData[m[K(emit_str);
      |           [01;31m[K^~~~~~~~~~~[m[K
[01m[K/home/albusgive2/rlfw/rlfw_tool/build/motor_ctrl/include/../../../src/motor_ctrl/include/MotorCTRL.h:[m[K At global scope:
[01m[K/home/albusgive2/rlfw/rlfw_tool/build/motor_ctrl/include/../../../src/motor_ctrl/include/MotorCTRL.h:131:1:[m[K [01;31m[Kerror: [m[Kexpected unqualified-id before â€˜[01m[Kprivate[m[Kâ€™
  131 | [01;31m[Kprivate[m[K:
      | [01;31m[K^~~~~~~[m[K
[01m[K/home/albusgive2/rlfw/rlfw_tool/build/motor_ctrl/include/../../../src/motor_ctrl/include/MotorCTRL.h:[m[K In function â€˜[01m[Kvoid poorer_callback(rclcpp::Client<rlfw_msgs::srv::ComParameter>::SharedFuture)[m[Kâ€™:
[01m[K/home/albusgive2/rlfw/rlfw_tool/build/motor_ctrl/include/../../../src/motor_ctrl/include/MotorCTRL.h:149:5:[m[K [01;31m[Kerror: [m[Kâ€˜[01m[KemitSrvData[m[Kâ€™ was not declared in this scope
  149 |     [01;31m[KemitSrvData[m[K(emit_str);
      |     [01;31m[K^~~~~~~~~~~[m[K
[01m[K/home/albusgive2/rlfw/rlfw_tool/build/motor_ctrl/include/../../../src/motor_ctrl/include/MotorCTRL.h:[m[K At global scope:
[01m[K/home/albusgive2/rlfw/rlfw_tool/build/motor_ctrl/include/../../../src/motor_ctrl/include/MotorCTRL.h:152:1:[m[K [01;31m[Kerror: [m[Kexpected unqualified-id before â€˜[01m[Kprotected[m[Kâ€™
  152 | [01;31m[Kprotected[m[K:
      | [01;31m[K^~~~~~~~~[m[K
In file included from [01m[K/usr/include/x86_64-linux-gnu/qt5/QtCore/qobject.h:46[m[K,
                 from [01m[K/usr/include/x86_64-linux-gnu/qt5/QtCore/qiodevice.h:45[m[K,
                 from [01m[K/usr/include/x86_64-linux-gnu/qt5/QtCore/qtextstream.h:43[m[K,
                 from [01m[K/usr/include/x86_64-linux-gnu/qt5/QtCore/qdebug.h:49[m[K,
                 from [01m[K/usr/include/x86_64-linux-gnu/qt5/QtCore/QDebug:1[m[K,
                 from [01m[K/home/albusgive2/rlfw/rlfw_tool/build/motor_ctrl/include/../../../src/motor_ctrl/include/MotorCTRL.h:8[m[K:
[01m[K/home/albusgive2/rlfw/rlfw_tool/build/motor_ctrl/include/../../../src/motor_ctrl/include/MotorCTRL.h:163:1:[m[K [01;31m[Kerror: [m[Kexpected unqualified-id before â€˜[01m[Kpublic[m[Kâ€™
  163 | [01;31m[Ksignals[m[K:
      | [01;31m[K^~~~~~~[m[K
[01m[K/home/albusgive2/rlfw/rlfw_tool/build/motor_ctrl/include/../../../src/motor_ctrl/include/MotorCTRL.h:166:1:[m[K [01;31m[Kerror: [m[Kexpected declaration before â€˜[01m[K}[m[Kâ€™ token
  166 | [01;31m[K}[m[K;
      | [01;31m[K^[m[K
In file included from [01m[K/home/albusgive2/rlfw/rlfw_tool/src/motor_ctrl/include/mainwindow.h:5[m[K,
                 from [01m[K/home/albusgive2/rlfw/rlfw_tool/src/motor_ctrl/src/main.cpp:1[m[K:
[01m[K/home/albusgive2/rlfw/rlfw_tool/src/motor_ctrl/include/MotorCTRL.h:129:4:[m[K [01;31m[Kerror: [m[Kexpected â€˜[01m[K;[m[Kâ€™ after class definition
  129 |   }
      |    [01;31m[K^[m[K
      |    [32m[K;[m[K
[01m[K/home/albusgive2/rlfw/rlfw_tool/src/motor_ctrl/include/MotorCTRL.h:[m[K In constructor â€˜[01m[KMotorCTRL::MotorCTRL(const std::string&)[m[Kâ€™:
[01m[K/home/albusgive2/rlfw/rlfw_tool/src/motor_ctrl/include/MotorCTRL.h:27:5:[m[K [01;31m[Kerror: [m[Kâ€˜[01m[Knode[m[Kâ€™ was not declared in this scope
   27 |     [01;31m[Knode[m[K = std::make_shared<rclcpp::Node>(node_name);
      |     [01;31m[K^~~~[m[K
In file included from [01m[K/home/albusgive2/rlfw/rlfw_tool/src/motor_ctrl/include/mainwindow.h:5[m[K,
                 from [01m[K/home/albusgive2/rlfw/rlfw_tool/src/motor_ctrl/src/mainwindow.cpp:1[m[K:
[01m[K/home/albusgive2/rlfw/rlfw_tool/src/motor_ctrl/include/MotorCTRL.h:129:4:[m[K [01;31m[Kerror: [m[Kexpected â€˜[01m[K;[m[Kâ€™ after class definition
  129 |   }
      |    [01;31m[K^[m[K
      |    [32m[K;[m[K
[01m[K/home/albusgive2/rlfw/rlfw_tool/src/motor_ctrl/include/MotorCTRL.h:29:5:[m[K [01;31m[Kerror: [m[Kâ€˜[01m[Kpublisher_[m[Kâ€™ was not declared in this scope; did you mean â€˜[01m[Krmw_publisher_t[m[Kâ€™?
   29 |     [01;31m[Kpublisher_[m[K =
      |     [01;31m[K^~~~~~~~~~[m[K
      |     [32m[Krmw_publisher_t[m[K
[01m[K/home/albusgive2/rlfw/rlfw_tool/src/motor_ctrl/include/MotorCTRL.h:30:57:[m[K [01;31m[Kerror: [m[Kexpected primary-expression before â€˜[01m[K>[m[Kâ€™ token
   30 |         node->create_publisher<rlfw_msgs::msg::MotorCtrl[01;31m[K>[m[K("rlfwMotorCtrl", 2);
      |                                                         [01;31m[K^[m[K
[01m[K/home/albusgive2/rlfw/rlfw_tool/src/motor_ctrl/include/MotorCTRL.h:30:59:[m[K [01;35m[Kwarning: [m[Kleft operand of comma operator has no effect [[01;35m[K]8;;https://gcc.gnu.org/onlinedocs/gcc/Warning-Options.html#index-Wunused-value-Wunused-value]8;;[m[K]
   30 |         node->create_publisher<rlfw_msgs::msg::MotorCtrl>([01;35m[K"rlfwMotorCtrl"[m[K, 2);
      |                                                           [01;35m[K^~~~~~~~~~~~~~~[m[K
[01m[K/home/albusgive2/rlfw/rlfw_tool/src/motor_ctrl/include/MotorCTRL.h:[m[K In constructor â€˜[01m[KMotorCTRL::MotorCTRL(const std::string&)[m[Kâ€™:
[01m[K/home/albusgive2/rlfw/rlfw_tool/src/motor_ctrl/include/MotorCTRL.h:27:5:[m[K [01;31m[Kerror: [m[Kâ€˜[01m[Knode[m[Kâ€™ was not declared in this scope
   27 |     [01;31m[Knode[m[K = std::make_shared<rclcpp::Node>(node_name);
      |     [01;31m[K^~~~[m[K
[01m[K/home/albusgive2/rlfw/rlfw_tool/src/motor_ctrl/include/MotorCTRL.h:31:5:[m[K [01;31m[Kerror: [m[Kâ€˜[01m[Kcan_pub[m[Kâ€™ was not declared in this scope
   31 |     [01;31m[Kcan_pub[m[K = node->create_publisher<rlfw_msgs::msg::CanMsg>("rlfwCANSend", 2);
      |     [01;31m[K^~~~~~~[m[K
[01m[K/home/albusgive2/rlfw/rlfw_tool/src/motor_ctrl/include/MotorCTRL.h:31:60:[m[K [01;31m[Kerror: [m[Kexpected primary-expression before â€˜[01m[K>[m[Kâ€™ token
   31 |     can_pub = node->create_publisher<rlfw_msgs::msg::CanMsg[01;31m[K>[m[K("rlfwCANSend", 2);
      |                                                            [01;31m[K^[m[K
[01m[K/home/albusgive2/rlfw/rlfw_tool/src/motor_ctrl/include/MotorCTRL.h:31:62:[m[K [01;35m[Kwarning: [m[Kleft operand of comma operator has no effect [[01;35m[K]8;;https://gcc.gnu.org/onlinedocs/gcc/Warning-Options.html#index-Wunused-value-Wunused-value]8;;[m[K]
   31 |     can_pub = node->create_publisher<rlfw_msgs::msg::CanMsg>([01;35m[K"rlfwCANSend"[m[K, 2);
      |                                                              [01;35m[K^~~~~~~~~~~~~[m[K
[01m[K/home/albusgive2/rlfw/rlfw_tool/src/motor_ctrl/include/MotorCTRL.h:29:5:[m[K [01;31m[Kerror: [m[Kâ€˜[01m[Kpublisher_[m[Kâ€™ was not declared in this scope; did you mean â€˜[01m[Krmw_publisher_t[m[Kâ€™?
   29 |     [01;31m[Kpublisher_[m[K =
      |     [01;31m[K^~~~~~~~~~[m[K
      |     [32m[Krmw_publisher_t[m[K
[01m[K/home/albusgive2/rlfw/rlfw_tool/src/motor_ctrl/include/MotorCTRL.h:30:57:[m[K [01;31m[Kerror: [m[Kexpected primary-expression before â€˜[01m[K>[m[Kâ€™ token
   30 |         node->create_publisher<rlfw_msgs::msg::MotorCtrl[01;31m[K>[m[K("rlfwMotorCtrl", 2);
      |                                                         [01;31m[K^[m[K
[01m[K/home/albusgive2/rlfw/rlfw_tool/src/motor_ctrl/include/MotorCTRL.h:30:59:[m[K [01;35m[Kwarning: [m[Kleft operand of comma operator has no effect [[01;35m[K]8;;https://gcc.gnu.org/onlinedocs/gcc/Warning-Options.html#index-Wunused-value-Wunused-value]8;;[m[K]
   30 |         node->create_publisher<rlfw_msgs::msg::MotorCtrl>([01;35m[K"rlfwMotorCtrl"[m[K, 2);
      |                                                           [01;35m[K^~~~~~~~~~~~~~~[m[K
[01m[K/home/albusgive2/rlfw/rlfw_tool/src/motor_ctrl/include/MotorCTRL.h:32:5:[m[K [01;31m[Kerror: [m[Kâ€˜[01m[Kserial_pub[m[Kâ€™ was not declared in this scope
   32 |     [01;31m[Kserial_pub[m[K =
      |     [01;31m[K^~~~~~~~~~[m[K
[01m[K/home/albusgive2/rlfw/rlfw_tool/src/motor_ctrl/include/MotorCTRL.h:33:57:[m[K [01;31m[Kerror: [m[Kexpected primary-expression before â€˜[01m[K>[m[Kâ€™ token
   33 |         node->create_publisher<rlfw_msgs::msg::SerialMsg[01;31m[K>[m[K("rlfwSerialSend", 2);
      |                                                         [01;31m[K^[m[K
[01m[K/home/albusgive2/rlfw/rlfw_tool/src/motor_ctrl/include/MotorCTRL.h:33:59:[m[K [01;35m[Kwarning: [m[Kleft operand of comma operator has no effect [[01;35m[K]8;;https://gcc.gnu.org/onlinedocs/gcc/Warning-Options.html#index-Wunused-value-Wunused-value]8;;[m[K]
   33 |         node->create_publisher<rlfw_msgs::msg::SerialMsg>([01;35m[K"rlfwSerialSend"[m[K, 2);
      |                                                           [01;35m[K^~~~~~~~~~~~~~~~[m[K
[01m[K/home/albusgive2/rlfw/rlfw_tool/src/motor_ctrl/include/MotorCTRL.h:31:5:[m[K [01;31m[Kerror: [m[Kâ€˜[01m[Kcan_pub[m[Kâ€™ was not declared in this scope
   31 |     [01;31m[Kcan_pub[m[K = node->create_publisher<rlfw_msgs::msg::CanMsg>("rlfwCANSend", 2);
      |     [01;31m[K^~~~~~~[m[K
[01m[K/home/albusgive2/rlfw/rlfw_tool/src/motor_ctrl/include/MotorCTRL.h:31:60:[m[K [01;31m[Kerror: [m[Kexpected primary-expression before â€˜[01m[K>[m[Kâ€™ token
   31 |     can_pub = node->create_publisher<rlfw_msgs::msg::CanMsg[01;31m[K>[m[K("rlfwCANSend", 2);
      |                                                            [01;31m[K^[m[K
[01m[K/home/albusgive2/rlfw/rlfw_tool/src/motor_ctrl/include/MotorCTRL.h:31:62:[m[K [01;35m[Kwarning: [m[Kleft operand of comma operator has no effect [[01;35m[K]8;;https://gcc.gnu.org/onlinedocs/gcc/Warning-Options.html#index-Wunused-value-Wunused-value]8;;[m[K]
   31 |     can_pub = node->create_publisher<rlfw_msgs::msg::CanMsg>([01;35m[K"rlfwCANSend"[m[K, 2);
      |                                                              [01;35m[K^~~~~~~~~~~~~[m[K
In file included from [01m[K/home/albusgive2/rlfw/rlfw_tool/build/motor_ctrl/include/../../../src/motor_ctrl/include/mainwindow.h:5[m[K,
                 from [01m[K/home/albusgive2/rlfw/rlfw_tool/build/motor_ctrl/include/moc_mainwindow.cpp:10[m[K:
[01m[K/home/albusgive2/rlfw/rlfw_tool/build/motor_ctrl/include/../../../src/motor_ctrl/include/MotorCTRL.h:129:4:[m[K [01;31m[Kerror: [m[Kexpected â€˜[01m[K;[m[Kâ€™ after class definition
  129 |   }
      |    [01;31m[K^[m[K
      |    [32m[K;[m[K
[01m[K/home/albusgive2/rlfw/rlfw_tool/src/motor_ctrl/include/MotorCTRL.h:34:5:[m[K [01;31m[Kerror: [m[Kâ€˜[01m[Ksub_motor_[m[Kâ€™ was not declared in this scope
   34 |     [01;31m[Ksub_motor_[m[K = node->create_subscription<rlfw_msgs::msg::Motor>(
      |     [01;31m[K^~~~~~~~~~[m[K
[01m[K/home/albusgive2/rlfw/rlfw_tool/src/motor_ctrl/include/MotorCTRL.h:34:65:[m[K [01;31m[Kerror: [m[Kexpected primary-expression before â€˜[01m[K>[m[Kâ€™ token
   34 |     sub_motor_ = node->create_subscription<rlfw_msgs::msg::Motor[01;31m[K>[m[K(
      |                                                                 [01;31m[K^[m[K
[01m[K/home/albusgive2/rlfw/rlfw_tool/src/motor_ctrl/include/MotorCTRL.h:35:9:[m[K [01;35m[Kwarning: [m[Kleft operand of comma operator has no effect [[01;35m[K]8;;https://gcc.gnu.org/onlinedocs/gcc/Warning-Options.html#index-Wunused-value-Wunused-value]8;;[m[K]
   35 |         [01;35m[K"rlfwMotorBack"[m[K, 10,
      |         [01;35m[K^~~~~~~~~~~~~~~[m[K
[01m[K/home/albusgive2/rlfw/rlfw_tool/src/motor_ctrl/include/MotorCTRL.h:32:5:[m[K [01;31m[Kerror: [m[Kâ€˜[01m[Kserial_pub[m[Kâ€™ was not declared in this scope
   32 |     [01;31m[Kserial_pub[m[K =
      |     [01;31m[K^~~~~~~~~~[m[K
[01m[K/home/albusgive2/rlfw/rlfw_tool/src/motor_ctrl/include/MotorCTRL.h:33:57:[m[K [01;31m[Kerror: [m[Kexpected primary-expression before â€˜[01m[K>[m[Kâ€™ token
   33 |         node->create_publisher<rlfw_msgs::msg::SerialMsg[01;31m[K>[m[K("rlfwSerialSend", 2);
      |                                                         [01;31m[K^[m[K
[01m[K/home/albusgive2/rlfw/rlfw_tool/src/motor_ctrl/include/MotorCTRL.h:33:59:[m[K [01;35m[Kwarning: [m[Kleft operand of comma operator has no effect [[01;35m[K]8;;https://gcc.gnu.org/onlinedocs/gcc/Warning-Options.html#index-Wunused-value-Wunused-value]8;;[m[K]
   33 |         node->create_publisher<rlfw_msgs::msg::SerialMsg>([01;35m[K"rlfwSerialSend"[m[K, 2);
      |                                                           [01;35m[K^~~~~~~~~~~~~~~~[m[K
[01m[K/home/albusgive2/rlfw/rlfw_tool/build/motor_ctrl/include/../../../src/motor_ctrl/include/MotorCTRL.h:[m[K In constructor â€˜[01m[KMotorCTRL::MotorCTRL(const std::string&)[m[Kâ€™:
[01m[K/home/albusgive2/rlfw/rlfw_tool/build/motor_ctrl/include/../../../src/motor_ctrl/include/MotorCTRL.h:27:5:[m[K [01;31m[Kerror: [m[Kâ€˜[01m[Knode[m[Kâ€™ was not declared in this scope
   27 |     [01;31m[Knode[m[K = std::make_shared<rclcpp::Node>(node_name);
      |     [01;31m[K^~~~[m[K
[01m[K/home/albusgive2/rlfw/rlfw_tool/src/motor_ctrl/include/MotorCTRL.h:36:69:[m[K [01;35m[Kwarning: [m[Kright operand of comma operator has no effect [[01;35m[K]8;;https://gcc.gnu.org/onlinedocs/gcc/Warning-Options.html#index-Wunused-value-Wunused-value]8;;[m[K]
   36 |         std::bind(&MotorCTRL::printData, this, std::placeholders::_1[01;35m[K)[m[K);
      |                                                                     [01;35m[K^[m[K
[01m[K/home/albusgive2/rlfw/rlfw_tool/src/motor_ctrl/include/MotorCTRL.h:34:5:[m[K [01;31m[Kerror: [m[Kâ€˜[01m[Ksub_motor_[m[Kâ€™ was not declared in this scope
   34 |     [01;31m[Ksub_motor_[m[K = node->create_subscription<rlfw_msgs::msg::Motor>(
      |     [01;31m[K^~~~~~~~~~[m[K
[01m[K/home/albusgive2/rlfw/rlfw_tool/src/motor_ctrl/include/MotorCTRL.h:34:65:[m[K [01;31m[Kerror: [m[Kexpected primary-expression before â€˜[01m[K>[m[Kâ€™ token
   34 |     sub_motor_ = node->create_subscription<rlfw_msgs::msg::Motor[01;31m[K>[m[K(
      |                                                                 [01;31m[K^[m[K
[01m[K/home/albusgive2/rlfw/rlfw_tool/src/motor_ctrl/include/MotorCTRL.h:35:9:[m[K [01;35m[Kwarning: [m[Kleft operand of comma operator has no effect [[01;35m[K]8;;https://gcc.gnu.org/onlinedocs/gcc/Warning-Options.html#index-Wunused-value-Wunused-value]8;;[m[K]
   35 |         [01;35m[K"rlfwMotorBack"[m[K, 10,
      |         [01;35m[K^~~~~~~~~~~~~~~[m[K
[01m[K/home/albusgive2/rlfw/rlfw_tool/src/motor_ctrl/include/MotorCTRL.h:37:5:[m[K [01;31m[Kerror: [m[Kâ€˜[01m[Kclient[m[Kâ€™ was not declared in this scope
   37 |     [01;31m[Kclient[m[K = node->create_client<rlfw_msgs::srv::ComParameter>(
      |     [01;31m[K^~~~~~[m[K
[01m[K/home/albusgive2/rlfw/rlfw_tool/src/motor_ctrl/include/MotorCTRL.h:37:62:[m[K [01;31m[Kerror: [m[Kexpected primary-expression before â€˜[01m[K>[m[Kâ€™ token
   37 |     client = node->create_client<rlfw_msgs::srv::ComParameter[01;31m[K>[m[K(
      |                                                              [01;31m[K^[m[K
[01m[K/home/albusgive2/rlfw/rlfw_tool/build/motor_ctrl/include/../../../src/motor_ctrl/include/MotorCTRL.h:29:5:[m[K [01;31m[Kerror: [m[Kâ€˜[01m[Kpublisher_[m[Kâ€™ was not declared in this scope; did you mean â€˜[01m[Krmw_publisher_t[m[Kâ€™?
   29 |     [01;31m[Kpublisher_[m[K =
      |     [01;31m[K^~~~~~~~~~[m[K
      |     [32m[Krmw_publisher_t[m[K
[01m[K/home/albusgive2/rlfw/rlfw_tool/build/motor_ctrl/include/../../../src/motor_ctrl/include/MotorCTRL.h:30:57:[m[K [01;31m[Kerror: [m[Kexpected primary-expression before â€˜[01m[K>[m[Kâ€™ token
   30 |         node->create_publisher<rlfw_msgs::msg::MotorCtrl[01;31m[K>[m[K("rlfwMotorCtrl", 2);
      |                                                         [01;31m[K^[m[K
[01m[K/home/albusgive2/rlfw/rlfw_tool/build/motor_ctrl/include/../../../src/motor_ctrl/include/MotorCTRL.h:30:59:[m[K [01;35m[Kwarning: [m[Kleft operand of comma operator has no effect [[01;35m[K]8;;https://gcc.gnu.org/onlinedocs/gcc/Warning-Options.html#index-Wunused-value-Wunused-value]8;;[m[K]
   30 |         node->create_publisher<rlfw_msgs::msg::MotorCtrl>([01;35m[K"rlfwMotorCtrl"[m[K, 2);
      |                                                           [01;35m[K^~~~~~~~~~~~~~~[m[K
[01m[K/home/albusgive2/rlfw/rlfw_tool/src/motor_ctrl/include/MotorCTRL.h:36:69:[m[K [01;35m[Kwarning: [m[Kright operand of comma operator has no effect [[01;35m[K]8;;https://gcc.gnu.org/onlinedocs/gcc/Warning-Options.html#index-Wunused-value-Wunused-value]8;;[m[K]
   36 |         std::bind(&MotorCTRL::printData, this, std::placeholders::_1[01;35m[K)[m[K);
      |                                                                     [01;35m[K^[m[K
[01m[K/home/albusgive2/rlfw/rlfw_tool/build/motor_ctrl/include/../../../src/motor_ctrl/include/MotorCTRL.h:31:5:[m[K [01;31m[Kerror: [m[Kâ€˜[01m[Kcan_pub[m[Kâ€™ was not declared in this scope
   31 |     [01;31m[Kcan_pub[m[K = node->create_publisher<rlfw_msgs::msg::CanMsg>("rlfwCANSend", 2);
      |     [01;31m[K^~~~~~~[m[K
[01m[K/home/albusgive2/rlfw/rlfw_tool/build/motor_ctrl/include/../../../src/motor_ctrl/include/MotorCTRL.h:31:60:[m[K [01;31m[Kerror: [m[Kexpected primary-expression before â€˜[01m[K>[m[Kâ€™ token
   31 |     can_pub = node->create_publisher<rlfw_msgs::msg::CanMsg[01;31m[K>[m[K("rlfwCANSend", 2);
      |                                                            [01;31m[K^[m[K
[01m[K/home/albusgive2/rlfw/rlfw_tool/build/motor_ctrl/include/../../../src/motor_ctrl/include/MotorCTRL.h:31:62:[m[K [01;35m[Kwarning: [m[Kleft operand of comma operator has no effect [[01;35m[K]8;;https://gcc.gnu.org/onlinedocs/gcc/Warning-Options.html#index-Wunused-value-Wunused-value]8;;[m[K]
   31 |     can_pub = node->create_publisher<rlfw_msgs::msg::CanMsg>([01;35m[K"rlfwCANSend"[m[K, 2);
      |                                                              [01;35m[K^~~~~~~~~~~~~[m[K
[01m[K/home/albusgive2/rlfw/rlfw_tool/src/motor_ctrl/include/MotorCTRL.h:[m[K In member function â€˜[01m[Kvoid MotorCTRL::printData(rlfw_msgs::msg::Motor_<std::allocator<void> >::SharedPtr)[m[Kâ€™:
[01m[K/home/albusgive2/rlfw/rlfw_tool/src/motor_ctrl/include/MotorCTRL.h:44:5:[m[K [01;31m[Kerror: [m[Kâ€˜[01m[KemitTopicData[m[Kâ€™ was not declared in this scope
   44 |     [01;31m[KemitTopicData[m[K(QString("ang_vel:") + QString::number(msg->ang_vel));
      |     [01;31m[K^~~~~~~~~~~~~[m[K
[01m[K/home/albusgive2/rlfw/rlfw_tool/src/motor_ctrl/include/MotorCTRL.h:37:5:[m[K [01;31m[Kerror: [m[Kâ€˜[01m[Kclient[m[Kâ€™ was not declared in this scope
   37 |     [01;31m[Kclient[m[K = node->create_client<rlfw_msgs::srv::ComParameter>(
      |     [01;31m[K^~~~~~[m[K
[01m[K/home/albusgive2/rlfw/rlfw_tool/src/motor_ctrl/include/MotorCTRL.h:37:62:[m[K [01;31m[Kerror: [m[Kexpected primary-expression before â€˜[01m[K>[m[Kâ€™ token
   37 |     client = node->create_client<rlfw_msgs::srv::ComParameter[01;31m[K>[m[K(
      |                                                              [01;31m[K^[m[K
[01m[K/home/albusgive2/rlfw/rlfw_tool/src/motor_ctrl/include/MotorCTRL.h:[m[K In member function â€˜[01m[Kvoid MotorCTRL::pub()[m[Kâ€™:
[01m[K/home/albusgive2/rlfw/rlfw_tool/src/motor_ctrl/include/MotorCTRL.h:48:18:[m[K [01;31m[Kerror: [m[Kâ€˜[01m[Knode[m[Kâ€™ was not declared in this scope
   48 |     auto stamp = [01;31m[Knode[m[K->now();
      |                  [01;31m[K^~~~[m[K
[01m[K/home/albusgive2/rlfw/rlfw_tool/build/motor_ctrl/include/../../../src/motor_ctrl/include/MotorCTRL.h:32:5:[m[K [01;31m[Kerror: [m[Kâ€˜[01m[Kserial_pub[m[Kâ€™ was not declared in this scope
   32 |     [01;31m[Kserial_pub[m[K =
      |     [01;31m[K^~~~~~~~~~[m[K
[01m[K/home/albusgive2/rlfw/rlfw_tool/build/motor_ctrl/include/../../../src/motor_ctrl/include/MotorCTRL.h:33:57:[m[K [01;31m[Kerror: [m[Kexpected primary-expression before â€˜[01m[K>[m[Kâ€™ token
   33 |         node->create_publisher<rlfw_msgs::msg::SerialMsg[01;31m[K>[m[K("rlfwSerialSend", 2);
      |                                                         [01;31m[K^[m[K
[01m[K/home/albusgive2/rlfw/rlfw_tool/build/motor_ctrl/include/../../../src/motor_ctrl/include/MotorCTRL.h:33:59:[m[K [01;35m[Kwarning: [m[Kleft operand of comma operator has no effect [[01;35m[K]8;;https://gcc.gnu.org/onlinedocs/gcc/Warning-Options.html#index-Wunused-value-Wunused-value]8;;[m[K]
   33 |         node->create_publisher<rlfw_msgs::msg::SerialMsg>([01;35m[K"rlfwSerialSend"[m[K, 2);
      |                                                           [01;35m[K^~~~~~~~~~~~~~~~[m[K
[01m[K/home/albusgive2/rlfw/rlfw_tool/src/motor_ctrl/include/MotorCTRL.h:[m[K In member function â€˜[01m[Kvoid MotorCTRL::printData(rlfw_msgs::msg::Motor_<std::allocator<void> >::SharedPtr)[m[Kâ€™:
[01m[K/home/albusgive2/rlfw/rlfw_tool/src/motor_ctrl/include/MotorCTRL.h:44:5:[m[K [01;31m[Kerror: [m[Kâ€˜[01m[KemitTopicData[m[Kâ€™ was not declared in this scope
   44 |     [01;31m[KemitTopicData[m[K(QString("ang_vel:") + QString::number(msg->ang_vel));
      |     [01;31m[K^~~~~~~~~~~~~[m[K
[01m[K/home/albusgive2/rlfw/rlfw_tool/src/motor_ctrl/include/MotorCTRL.h:56:5:[m[K [01;31m[Kerror: [m[Kâ€˜[01m[Kpublisher_[m[Kâ€™ was not declared in this scope; did you mean â€˜[01m[Krmw_publisher_t[m[Kâ€™?
   56 |     [01;31m[Kpublisher_[m[K->publish(msg);
      |     [01;31m[K^~~~~~~~~~[m[K
      |     [32m[Krmw_publisher_t[m[K
[01m[K/home/albusgive2/rlfw/rlfw_tool/build/motor_ctrl/include/../../../src/motor_ctrl/include/MotorCTRL.h:34:5:[m[K [01;31m[Kerror: [m[Kâ€˜[01m[Ksub_motor_[m[Kâ€™ was not declared in this scope
   34 |     [01;31m[Ksub_motor_[m[K = node->create_subscription<rlfw_msgs::msg::Motor>(
      |     [01;31m[K^~~~~~~~~~[m[K
[01m[K/home/albusgive2/rlfw/rlfw_tool/build/motor_ctrl/include/../../../src/motor_ctrl/include/MotorCTRL.h:34:65:[m[K [01;31m[Kerror: [m[Kexpected primary-expression before â€˜[01m[K>[m[Kâ€™ token
   34 |     sub_motor_ = node->create_subscription<rlfw_msgs::msg::Motor[01;31m[K>[m[K(
      |                                                                 [01;31m[K^[m[K
[01m[K/home/albusgive2/rlfw/rlfw_tool/build/motor_ctrl/include/../../../src/motor_ctrl/include/MotorCTRL.h:35:9:[m[K [01;35m[Kwarning: [m[Kleft operand of comma operator has no effect [[01;35m[K]8;;https://gcc.gnu.org/onlinedocs/gcc/Warning-Options.html#index-Wunused-value-Wunused-value]8;;[m[K]
   35 |         [01;35m[K"rlfwMotorBack"[m[K, 10,
      |         [01;35m[K^~~~~~~~~~~~~~~[m[K
[01m[K/home/albusgive2/rlfw/rlfw_tool/src/motor_ctrl/include/MotorCTRL.h:[m[K In member function â€˜[01m[Kvoid MotorCTRL::pub()[m[Kâ€™:
[01m[K/home/albusgive2/rlfw/rlfw_tool/src/motor_ctrl/include/MotorCTRL.h:48:18:[m[K [01;31m[Kerror: [m[Kâ€˜[01m[Knode[m[Kâ€™ was not declared in this scope
   48 |     auto stamp = [01;31m[Knode[m[K->now();
      |                  [01;31m[K^~~~[m[K
[01m[K/home/albusgive2/rlfw/rlfw_tool/src/motor_ctrl/include/MotorCTRL.h:69:5:[m[K [01;31m[Kerror: [m[Kâ€˜[01m[Kcan_pub[m[Kâ€™ was not declared in this scope
   69 |     [01;31m[Kcan_pub[m[K->publish(can_msg);
      |     [01;31m[K^~~~~~~[m[K
[01m[K/home/albusgive2/rlfw/rlfw_tool/build/motor_ctrl/include/../../../src/motor_ctrl/include/MotorCTRL.h:36:69:[m[K [01;35m[Kwarning: [m[Kright operand of comma operator has no effect [[01;35m[K]8;;https://gcc.gnu.org/onlinedocs/gcc/Warning-Options.html#index-Wunused-value-Wunused-value]8;;[m[K]
   36 |         std::bind(&MotorCTRL::printData, this, std::placeholders::_1[01;35m[K)[m[K);
      |                                                                     [01;35m[K^[m[K
[01m[K/home/albusgive2/rlfw/rlfw_tool/src/motor_ctrl/include/MotorCTRL.h:56:5:[m[K [01;31m[Kerror: [m[Kâ€˜[01m[Kpublisher_[m[Kâ€™ was not declared in this scope; did you mean â€˜[01m[Krmw_publisher_t[m[Kâ€™?
   56 |     [01;31m[Kpublisher_[m[K->publish(msg);
      |     [01;31m[K^~~~~~~~~~[m[K
      |     [32m[Krmw_publisher_t[m[K
[01m[K/home/albusgive2/rlfw/rlfw_tool/build/motor_ctrl/include/../../../src/motor_ctrl/include/MotorCTRL.h:37:5:[m[K [01;31m[Kerror: [m[Kâ€˜[01m[Kclient[m[Kâ€™ was not declared in this scope
   37 |     [01;31m[Kclient[m[K = node->create_client<rlfw_msgs::srv::ComParameter>(
      |     [01;31m[K^~~~~~[m[K
[01m[K/home/albusgive2/rlfw/rlfw_tool/build/motor_ctrl/include/../../../src/motor_ctrl/include/MotorCTRL.h:37:62:[m[K [01;31m[Kerror: [m[Kexpected primary-expression before â€˜[01m[K>[m[Kâ€™ token
   37 |     client = node->create_client<rlfw_msgs::srv::ComParameter[01;31m[K>[m[K(
      |                                                              [01;31m[K^[m[K
[01m[K/home/albusgive2/rlfw/rlfw_tool/src/motor_ctrl/include/MotorCTRL.h:76:5:[m[K [01;31m[Kerror: [m[Kâ€˜[01m[Kserial_pub[m[Kâ€™ was not declared in this scope; did you mean â€˜[01m[Kserial_msg[m[Kâ€™?
   76 |     [01;31m[Kserial_pub[m[K->publish(serial_msg);
      |     [01;31m[K^~~~~~~~~~[m[K
      |     [32m[Kserial_msg[m[K
[01m[K/home/albusgive2/rlfw/rlfw_tool/src/motor_ctrl/include/MotorCTRL.h:69:5:[m[K [01;31m[Kerror: [m[Kâ€˜[01m[Kcan_pub[m[Kâ€™ was not declared in this scope
   69 |     [01;31m[Kcan_pub[m[K->publish(can_msg);
      |     [01;31m[K^~~~~~~[m[K
[01m[K/home/albusgive2/rlfw/rlfw_tool/src/motor_ctrl/include/MotorCTRL.h:[m[K In member function â€˜[01m[Kvoid MotorCTRL::stop()[m[Kâ€™:
[01m[K/home/albusgive2/rlfw/rlfw_tool/src/motor_ctrl/include/MotorCTRL.h:80:18:[m[K [01;31m[Kerror: [m[Kâ€˜[01m[Knode[m[Kâ€™ was not declared in this scope
   80 |     auto stamp = [01;31m[Knode[m[K->now();
      |                  [01;31m[K^~~~[m[K
[01m[K/home/albusgive2/rlfw/rlfw_tool/build/motor_ctrl/include/../../../src/motor_ctrl/include/MotorCTRL.h:[m[K In member function â€˜[01m[Kvoid MotorCTRL::printData(rlfw_msgs::msg::Motor_<std::allocator<void> >::SharedPtr)[m[Kâ€™:
[01m[K/home/albusgive2/rlfw/rlfw_tool/build/motor_ctrl/include/../../../src/motor_ctrl/include/MotorCTRL.h:44:5:[m[K [01;31m[Kerror: [m[Kâ€˜[01m[KemitTopicData[m[Kâ€™ was not declared in this scope
   44 |     [01;31m[KemitTopicData[m[K(QString("ang_vel:") + QString::number(msg->ang_vel));
      |     [01;31m[K^~~~~~~~~~~~~[m[K
[01m[K/home/albusgive2/rlfw/rlfw_tool/src/motor_ctrl/include/MotorCTRL.h:76:5:[m[K [01;31m[Kerror: [m[Kâ€˜[01m[Kserial_pub[m[Kâ€™ was not declared in this scope; did you mean â€˜[01m[Kserial_msg[m[Kâ€™?
   76 |     [01;31m[Kserial_pub[m[K->publish(serial_msg);
      |     [01;31m[K^~~~~~~~~~[m[K
      |     [32m[Kserial_msg[m[K
[01m[K/home/albusgive2/rlfw/rlfw_tool/src/motor_ctrl/include/MotorCTRL.h:88:5:[m[K [01;31m[Kerror: [m[Kâ€˜[01m[Kpublisher_[m[Kâ€™ was not declared in this scope; did you mean â€˜[01m[Krmw_publisher_t[m[Kâ€™?
   88 |     [01;31m[Kpublisher_[m[K->publish(msg);
      |     [01;31m[K^~~~~~~~~~[m[K
      |     [32m[Krmw_publisher_t[m[K
[01m[K/home/albusgive2/rlfw/rlfw_tool/build/motor_ctrl/include/../../../src/motor_ctrl/include/MotorCTRL.h:[m[K In member function â€˜[01m[Kvoid MotorCTRL::pub()[m[Kâ€™:
[01m[K/home/albusgive2/rlfw/rlfw_tool/build/motor_ctrl/include/../../../src/motor_ctrl/include/MotorCTRL.h:48:18:[m[K [01;31m[Kerror: [m[Kâ€˜[01m[Knode[m[Kâ€™ was not declared in this scope
   48 |     auto stamp = [01;31m[Knode[m[K->now();
      |                  [01;31m[K^~~~[m[K
[01m[K/home/albusgive2/rlfw/rlfw_tool/src/motor_ctrl/include/MotorCTRL.h:[m[K In member function â€˜[01m[Kvoid MotorCTRL::stop()[m[Kâ€™:
[01m[K/home/albusgive2/rlfw/rlfw_tool/src/motor_ctrl/include/MotorCTRL.h:80:18:[m[K [01;31m[Kerror: [m[Kâ€˜[01m[Knode[m[Kâ€™ was not declared in this scope
   80 |     auto stamp = [01;31m[Knode[m[K->now();
      |                  [01;31m[K^~~~[m[K
[01m[K/home/albusgive2/rlfw/rlfw_tool/src/motor_ctrl/include/MotorCTRL.h:[m[K In member function â€˜[01m[Kvoid MotorCTRL::request()[m[Kâ€™:
[01m[K/home/albusgive2/rlfw/rlfw_tool/src/motor_ctrl/include/MotorCTRL.h:102:13:[m[K [01;31m[Kerror: [m[Kâ€˜[01m[Kclient[m[Kâ€™ was not declared in this scope
  102 |     while (![01;31m[Kclient[m[K->wait_for_service(std::chrono::seconds(1))) {
      |             [01;31m[K^~~~~~[m[K
[01m[K/home/albusgive2/rlfw/rlfw_tool/build/motor_ctrl/include/../../../src/motor_ctrl/include/MotorCTRL.h:56:5:[m[K [01;31m[Kerror: [m[Kâ€˜[01m[Kpublisher_[m[Kâ€™ was not declared in this scope; did you mean â€˜[01m[Krmw_publisher_t[m[Kâ€™?
   56 |     [01;31m[Kpublisher_[m[K->publish(msg);
      |     [01;31m[K^~~~~~~~~~[m[K
      |     [32m[Krmw_publisher_t[m[K
[01m[K/home/albusgive2/rlfw/rlfw_tool/src/motor_ctrl/include/MotorCTRL.h:88:5:[m[K [01;31m[Kerror: [m[Kâ€˜[01m[Kpublisher_[m[Kâ€™ was not declared in this scope; did you mean â€˜[01m[Krmw_publisher_t[m[Kâ€™?
   88 |     [01;31m[Kpublisher_[m[K->publish(msg);
      |     [01;31m[K^~~~~~~~~~[m[K
      |     [32m[Krmw_publisher_t[m[K
[01m[K/home/albusgive2/rlfw/rlfw_tool/build/motor_ctrl/include/../../../src/motor_ctrl/include/MotorCTRL.h:69:5:[m[K [01;31m[Kerror: [m[Kâ€˜[01m[Kcan_pub[m[Kâ€™ was not declared in this scope
   69 |     [01;31m[Kcan_pub[m[K->publish(can_msg);
      |     [01;31m[K^~~~~~~[m[K
[01m[K/home/albusgive2/rlfw/rlfw_tool/src/motor_ctrl/include/MotorCTRL.h:112:19:[m[K [01;31m[Kerror: [m[Kâ€˜[01m[Kclient[m[Kâ€™ was not declared in this scope
  112 |     auto future = [01;31m[Kclient[m[K->async_send_request(
      |                   [01;31m[K^~~~~~[m[K
[01m[K/home/albusgive2/rlfw/rlfw_tool/src/motor_ctrl/include/MotorCTRL.h:[m[K In member function â€˜[01m[Kvoid MotorCTRL::request()[m[Kâ€™:
[01m[K/home/albusgive2/rlfw/rlfw_tool/src/motor_ctrl/include/MotorCTRL.h:102:13:[m[K [01;31m[Kerror: [m[Kâ€˜[01m[Kclient[m[Kâ€™ was not declared in this scope
  102 |     while (![01;31m[Kclient[m[K->wait_for_service(std::chrono::seconds(1))) {
      |             [01;31m[K^~~~~~[m[K
[01m[K/home/albusgive2/rlfw/rlfw_tool/build/motor_ctrl/include/../../../src/motor_ctrl/include/MotorCTRL.h:76:5:[m[K [01;31m[Kerror: [m[Kâ€˜[01m[Kserial_pub[m[Kâ€™ was not declared in this scope; did you mean â€˜[01m[Kserial_msg[m[Kâ€™?
   76 |     [01;31m[Kserial_pub[m[K->publish(serial_msg);
      |     [01;31m[K^~~~~~~~~~[m[K
      |     [32m[Kserial_msg[m[K
[01m[K/home/albusgive2/rlfw/rlfw_tool/src/motor_ctrl/include/MotorCTRL.h:112:19:[m[K [01;31m[Kerror: [m[Kâ€˜[01m[Kclient[m[Kâ€™ was not declared in this scope
  112 |     auto future = [01;31m[Kclient[m[K->async_send_request(
      |                   [01;31m[K^~~~~~[m[K
[01m[K/home/albusgive2/rlfw/rlfw_tool/build/motor_ctrl/include/../../../src/motor_ctrl/include/MotorCTRL.h:[m[K In member function â€˜[01m[Kvoid MotorCTRL::stop()[m[Kâ€™:
[01m[K/home/albusgive2/rlfw/rlfw_tool/build/motor_ctrl/include/../../../src/motor_ctrl/include/MotorCTRL.h:80:18:[m[K [01;31m[Kerror: [m[Kâ€˜[01m[Knode[m[Kâ€™ was not declared in this scope
   80 |     auto stamp = [01;31m[Knode[m[K->now();
      |                  [01;31m[K^~~~[m[K
[01m[K/home/albusgive2/rlfw/rlfw_tool/build/motor_ctrl/include/../../../src/motor_ctrl/include/MotorCTRL.h:88:5:[m[K [01;31m[Kerror: [m[Kâ€˜[01m[Kpublisher_[m[Kâ€™ was not declared in this scope; did you mean â€˜[01m[Krmw_publisher_t[m[Kâ€™?
   88 |     [01;31m[Kpublisher_[m[K->publish(msg);
      |     [01;31m[K^~~~~~~~~~[m[K
      |     [32m[Krmw_publisher_t[m[K
[01m[K/home/albusgive2/rlfw/rlfw_tool/src/motor_ctrl/include/MotorCTRL.h:[m[K In lambda function:
[01m[K/home/albusgive2/rlfw/rlfw_tool/src/motor_ctrl/include/MotorCTRL.h:126:11:[m[K [01;31m[Kerror: [m[Kâ€˜[01m[KemitSrvData[m[Kâ€™ was not declared in this scope
  126 |           [01;31m[KemitSrvData[m[K(emit_str);
      |           [01;31m[K^~~~~~~~~~~[m[K
[01m[K/home/albusgive2/rlfw/rlfw_tool/src/motor_ctrl/include/MotorCTRL.h:[m[K At global scope:
[01m[K/home/albusgive2/rlfw/rlfw_tool/src/motor_ctrl/include/MotorCTRL.h:131:1:[m[K [01;31m[Kerror: [m[Kexpected unqualified-id before â€˜[01m[Kprivate[m[Kâ€™
  131 | [01;31m[Kprivate[m[K:
      | [01;31m[K^~~~~~~[m[K
[01m[K/home/albusgive2/rlfw/rlfw_tool/build/motor_ctrl/include/../../../src/motor_ctrl/include/MotorCTRL.h:[m[K In member function â€˜[01m[Kvoid MotorCTRL::request()[m[Kâ€™:
[01m[K/home/albusgive2/rlfw/rlfw_tool/build/motor_ctrl/include/../../../src/motor_ctrl/include/MotorCTRL.h:102:13:[m[K [01;31m[Kerror: [m[Kâ€˜[01m[Kclient[m[Kâ€™ was not declared in this scope
  102 |     while (![01;31m[Kclient[m[K->wait_for_service(std::chrono::seconds(1))) {
      |             [01;31m[K^~~~~~[m[K
[01m[K/home/albusgive2/rlfw/rlfw_tool/src/motor_ctrl/include/MotorCTRL.h:[m[K In lambda function:
[01m[K/home/albusgive2/rlfw/rlfw_tool/src/motor_ctrl/include/MotorCTRL.h:126:11:[m[K [01;31m[Kerror: [m[Kâ€˜[01m[KemitSrvData[m[Kâ€™ was not declared in this scope
  126 |           [01;31m[KemitSrvData[m[K(emit_str);
      |           [01;31m[K^~~~~~~~~~~[m[K
[01m[K/home/albusgive2/rlfw/rlfw_tool/src/motor_ctrl/include/MotorCTRL.h:[m[K At global scope:
[01m[K/home/albusgive2/rlfw/rlfw_tool/src/motor_ctrl/include/MotorCTRL.h:131:1:[m[K [01;31m[Kerror: [m[Kexpected unqualified-id before â€˜[01m[Kprivate[m[Kâ€™
  131 | [01;31m[Kprivate[m[K:
      | [01;31m[K^~~~~~~[m[K
[01m[K/home/albusgive2/rlfw/rlfw_tool/build/motor_ctrl/include/../../../src/motor_ctrl/include/MotorCTRL.h:112:19:[m[K [01;31m[Kerror: [m[Kâ€˜[01m[Kclient[m[Kâ€™ was not declared in this scope
  112 |     auto future = [01;31m[Kclient[m[K->async_send_request(
      |                   [01;31m[K^~~~~~[m[K
[01m[K/home/albusgive2/rlfw/rlfw_tool/build/motor_ctrl/include/../../../src/motor_ctrl/include/MotorCTRL.h:[m[K In lambda function:
[01m[K/home/albusgive2/rlfw/rlfw_tool/build/motor_ctrl/include/../../../src/motor_ctrl/include/MotorCTRL.h:126:11:[m[K [01;31m[Kerror: [m[Kâ€˜[01m[KemitSrvData[m[Kâ€™ was not declared in this scope
  126 |           [01;31m[KemitSrvData[m[K(emit_str);
      |           [01;31m[K^~~~~~~~~~~[m[K
[01m[K/home/albusgive2/rlfw/rlfw_tool/build/motor_ctrl/include/../../../src/motor_ctrl/include/MotorCTRL.h:[m[K At global scope:
[01m[K/home/albusgive2/rlfw/rlfw_tool/build/motor_ctrl/include/../../../src/motor_ctrl/include/MotorCTRL.h:131:1:[m[K [01;31m[Kerror: [m[Kexpected unqualified-id before â€˜[01m[Kprivate[m[Kâ€™
  131 | [01;31m[Kprivate[m[K:
      | [01;31m[K^~~~~~~[m[K
[01m[K/home/albusgive2/rlfw/rlfw_tool/src/motor_ctrl/include/MotorCTRL.h:[m[K In function â€˜[01m[Kvoid poorer_callback(rclcpp::Client<rlfw_msgs::srv::ComParameter>::SharedFuture)[m[Kâ€™:
[01m[K/home/albusgive2/rlfw/rlfw_tool/src/motor_ctrl/include/MotorCTRL.h:149:5:[m[K [01;31m[Kerror: [m[Kâ€˜[01m[KemitSrvData[m[Kâ€™ was not declared in this scope
  149 |     [01;31m[KemitSrvData[m[K(emit_str);
      |     [01;31m[K^~~~~~~~~~~[m[K
[01m[K/home/albusgive2/rlfw/rlfw_tool/src/motor_ctrl/include/MotorCTRL.h:[m[K At global scope:
[01m[K/home/albusgive2/rlfw/rlfw_tool/src/motor_ctrl/include/MotorCTRL.h:152:1:[m[K [01;31m[Kerror: [m[Kexpected unqualified-id before â€˜[01m[Kprotected[m[Kâ€™
  152 | [01;31m[Kprotected[m[K:
      | [01;31m[K^~~~~~~~~[m[K
In file included from [01m[K/usr/include/x86_64-linux-gnu/qt5/QtGui/qwindowdefs.h:44[m[K,
                 from [01m[K/usr/include/x86_64-linux-gnu/qt5/QtWidgets/qwidget.h:44[m[K,
                 from [01m[K/usr/include/x86_64-linux-gnu/qt5/QtWidgets/qmainwindow.h:44[m[K,
                 from [01m[K/usr/include/x86_64-linux-gnu/qt5/QtWidgets/QMainWindow:1[m[K,
                 from [01m[K/home/albusgive2/rlfw/rlfw_tool/src/motor_ctrl/include/mainwindow.h:4[m[K:
[01m[K/home/albusgive2/rlfw/rlfw_tool/src/motor_ctrl/include/MotorCTRL.h:163:1:[m[K [01;31m[Kerror: [m[Kexpected unqualified-id before â€˜[01m[Kpublic[m[Kâ€™
  163 | [01;31m[Ksignals[m[K:
      | [01;31m[K^~~~~~~[m[K
[01m[K/home/albusgive2/rlfw/rlfw_tool/src/motor_ctrl/include/MotorCTRL.h:166:1:[m[K [01;31m[Kerror: [m[Kexpected declaration before â€˜[01m[K}[m[Kâ€™ token
  166 | [01;31m[K}[m[K;
      | [01;31m[K^[m[K
[01m[K/home/albusgive2/rlfw/rlfw_tool/src/motor_ctrl/include/MotorCTRL.h:[m[K In function â€˜[01m[Kvoid poorer_callback(rclcpp::Client<rlfw_msgs::srv::ComParameter>::SharedFuture)[m[Kâ€™:
[01m[K/home/albusgive2/rlfw/rlfw_tool/src/motor_ctrl/include/MotorCTRL.h:149:5:[m[K [01;31m[Kerror: [m[Kâ€˜[01m[KemitSrvData[m[Kâ€™ was not declared in this scope
  149 |     [01;31m[KemitSrvData[m[K(emit_str);
      |     [01;31m[K^~~~~~~~~~~[m[K
[01m[K/home/albusgive2/rlfw/rlfw_tool/src/motor_ctrl/include/MotorCTRL.h:[m[K At global scope:
[01m[K/home/albusgive2/rlfw/rlfw_tool/src/motor_ctrl/include/MotorCTRL.h:152:1:[m[K [01;31m[Kerror: [m[Kexpected unqualified-id before â€˜[01m[Kprotected[m[Kâ€™
  152 | [01;31m[Kprotected[m[K:
      | [01;31m[K^~~~~~~~~[m[K
In file included from [01m[K/usr/include/x86_64-linux-gnu/qt5/QtGui/qwindowdefs.h:44[m[K,
                 from [01m[K/usr/include/x86_64-linux-gnu/qt5/QtWidgets/qwidget.h:44[m[K,
                 from [01m[K/usr/include/x86_64-linux-gnu/qt5/QtWidgets/qmainwindow.h:44[m[K,
                 from [01m[K/usr/include/x86_64-linux-gnu/qt5/QtWidgets/QMainWindow:1[m[K,
                 from [01m[K/home/albusgive2/rlfw/rlfw_tool/src/motor_ctrl/include/mainwindow.h:4[m[K:
[01m[K/home/albusgive2/rlfw/rlfw_tool/src/motor_ctrl/include/MotorCTRL.h:163:1:[m[K [01;31m[Kerror: [m[Kexpected unqualified-id before â€˜[01m[Kpublic[m[Kâ€™
  163 | [01;31m[Ksignals[m[K:
      | [01;31m[K^~~~~~~[m[K
[01m[K/home/albusgive2/rlfw/rlfw_tool/src/motor_ctrl/include/MotorCTRL.h:166:1:[m[K [01;31m[Kerror: [m[Kexpected declaration before â€˜[01m[K}[m[Kâ€™ token
  166 | [01;31m[K}[m[K;
      | [01;31m[K^[m[K
[01m[K/home/albusgive2/rlfw/rlfw_tool/build/motor_ctrl/include/../../../src/motor_ctrl/include/MotorCTRL.h:[m[K In function â€˜[01m[Kvoid poorer_callback(rclcpp::Client<rlfw_msgs::srv::ComParameter>::SharedFuture)[m[Kâ€™:
[01m[K/home/albusgive2/rlfw/rlfw_tool/build/motor_ctrl/include/../../../src/motor_ctrl/include/MotorCTRL.h:149:5:[m[K [01;31m[Kerror: [m[Kâ€˜[01m[KemitSrvData[m[Kâ€™ was not declared in this scope
  149 |     [01;31m[KemitSrvData[m[K(emit_str);
      |     [01;31m[K^~~~~~~~~~~[m[K
[01m[K/home/albusgive2/rlfw/rlfw_tool/build/motor_ctrl/include/../../../src/motor_ctrl/include/MotorCTRL.h:[m[K At global scope:
[01m[K/home/albusgive2/rlfw/rlfw_tool/build/motor_ctrl/include/../../../src/motor_ctrl/include/MotorCTRL.h:152:1:[m[K [01;31m[Kerror: [m[Kexpected unqualified-id before â€˜[01m[Kprotected[m[Kâ€™
  152 | [01;31m[Kprotected[m[K:
      | [01;31m[K^~~~~~~~~[m[K
In file included from [01m[K/usr/include/x86_64-linux-gnu/qt5/QtGui/qwindowdefs.h:44[m[K,
                 from [01m[K/usr/include/x86_64-linux-gnu/qt5/QtWidgets/qwidget.h:44[m[K,
                 from [01m[K/usr/include/x86_64-linux-gnu/qt5/QtWidgets/qmainwindow.h:44[m[K,
                 from [01m[K/usr/include/x86_64-linux-gnu/qt5/QtWidgets/QMainWindow:1[m[K,
                 from [01m[K/home/albusgive2/rlfw/rlfw_tool/build/motor_ctrl/include/../../../src/motor_ctrl/include/mainwindow.h:4[m[K:
[01m[K/home/albusgive2/rlfw/rlfw_tool/build/motor_ctrl/include/../../../src/motor_ctrl/include/MotorCTRL.h:163:1:[m[K [01;31m[Kerror: [m[Kexpected unqualified-id before â€˜[01m[Kpublic[m[Kâ€™
  163 | [01;31m[Ksignals[m[K:
      | [01;31m[K^~~~~~~[m[K
[01m[K/home/albusgive2/rlfw/rlfw_tool/build/motor_ctrl/include/../../../src/motor_ctrl/include/MotorCTRL.h:166:1:[m[K [01;31m[Kerror: [m[Kexpected declaration before â€˜[01m[K}[m[Kâ€™ token
  166 | [01;31m[K}[m[K;
      | [01;31m[K^[m[K
gmake[2]: *** [CMakeFiles/motor_ctrl.dir/build.make:155ï¼šCMakeFiles/motor_ctrl.dir/include/moc_MotorCTRL.cpp.o] é”™è¯¯ 1
gmake[2]: *** æ­£åœ¨ç­‰å¾…æœªå®Œæˆçš„ä»»åŠ¡....
gmake[2]: *** [CMakeFiles/motor_ctrl.dir/build.make:99ï¼šCMakeFiles/motor_ctrl.dir/src/main.cpp.o] é”™è¯¯ 1
gmake[2]: *** [CMakeFiles/motor_ctrl.dir/build.make:113ï¼šCMakeFiles/motor_ctrl.dir/src/mainwindow.cpp.o] é”™è¯¯ 1
gmake[2]: *** [CMakeFiles/motor_ctrl.dir/build.make:169ï¼šCMakeFiles/motor_ctrl.dir/include/moc_mainwindow.cpp.o] é”™è¯¯ 1
gmake[1]: *** [CMakeFiles/Makefile2:137ï¼šCMakeFiles/motor_ctrl.dir/all] é”™è¯¯ 2
gmake: *** [Makefile:146ï¼šall] é”™è¯¯ 2
